<?xml version="1.0" encoding="UTF-8"?>
<testng-results ignored="0" total="3" passed="3" failed="0" skipped="0">
  <reporter-output>
  </reporter-output>
  <suite started-at="2022-03-30T17:24:22 IST" name="Suite" finished-at="2022-03-30T17:24:27 IST" duration-ms="4800">
    <groups>
    </groups>
    <test started-at="2022-03-30T17:24:22 IST" name="Test" finished-at="2022-03-30T17:24:27 IST" duration-ms="4800">
      <class name="com.rest.Test_001">
        <test-method signature="getPage2_FindArraySize()[pri:0, instance:com.rest.Test_001@23f7d05d]" started-at="2022-03-30T17:24:22 IST" name="getPage2_FindArraySize" finished-at="2022-03-30T17:24:25 IST" duration-ms="3220" status="PASS">
          <reporter-output>
          </reporter-output>
        </test-method> <!-- getPage2_FindArraySize -->
        <test-method signature="getPage2_GetNamelName()[pri:0, instance:com.rest.Test_001@23f7d05d]" started-at="2022-03-30T17:24:25 IST" name="getPage2_GetNamelName" finished-at="2022-03-30T17:24:26 IST" duration-ms="899" status="PASS">
          <reporter-output>
          </reporter-output>
        </test-method> <!-- getPage2_GetNamelName -->
        <test-method signature="getPage2_GetUsersDetails()[pri:0, instance:com.rest.Test_001@23f7d05d]" started-at="2022-03-30T17:24:26 IST" name="getPage2_GetUsersDetails" finished-at="2022-03-30T17:24:27 IST" duration-ms="635" status="PASS">
          <reporter-output>
          </reporter-output>
        </test-method> <!-- getPage2_GetUsersDetails -->
      </class> <!-- com.rest.Test_001 -->
    </test> <!-- Test -->
  </suite> <!-- Suite -->
</testng-results>
