<?xml version="1.0" encoding="UTF-8"?>
<!-- Generated by org.testng.reporters.JUnitXMLReporter -->
<testsuite ignored="0" hostname="DESKTOP-UE1BNSD" failures="0" tests="3" name="Test" time="4.8" errors="0" timestamp="2022-03-30T17:24:27 IST">
  <testcase classname="com.rest.Test_001" name="getPage2_FindArraySize" time="3.22"/>
  <testcase classname="com.rest.Test_001" name="getPage2_GetNamelName" time="0.899"/>
  <testcase classname="com.rest.Test_001" name="getPage2_GetUsersDetails" time="0.635"/>
</testsuite> <!-- Test -->
